2023-11-23T10:30:16.181-03:00  INFO 22688 --- [restartedMain] com.example.springbootdemo.Application   : Starting Application using Java 17.0.6 with PID 22688 (C:\Users\cti23424\Downloads\java\claro-practicas\springbootdemo-mybatis\target\classes started by CTI23424 in C:\Users\cti23424\Downloads\java\claro-practicas\springbootdemo-mybatis)
2023-11-23T10:30:16.197-03:00  INFO 22688 --- [restartedMain] com.example.springbootdemo.Application   : No active profile set, falling back to 1 default profile: "default"
2023-11-23T10:30:16.412-03:00  INFO 22688 --- [restartedMain] .e.DevToolsPropertyDefaultsPostProcessor : Devtools property defaults active! Set 'spring.devtools.add-properties' to 'false' to disable
2023-11-23T10:30:16.414-03:00  INFO 22688 --- [restartedMain] .e.DevToolsPropertyDefaultsPostProcessor : For additional web related logging consider setting the 'logging.level.web' property to 'DEBUG'
2023-11-23T10:30:18.082-03:00  INFO 22688 --- [restartedMain] .s.d.r.c.RepositoryConfigurationDelegate : Bootstrapping Spring Data JPA repositories in DEFAULT mode.
2023-11-23T10:30:18.140-03:00  INFO 22688 --- [restartedMain] .s.d.r.c.RepositoryConfigurationDelegate : Finished Spring Data repository scanning in 41 ms. Found 0 JPA repository interfaces.
2023-11-23T10:30:19.577-03:00  INFO 22688 --- [restartedMain] o.s.b.w.embedded.tomcat.TomcatWebServer  : Tomcat initialized with port(s): 8080 (http)
2023-11-23T10:30:19.600-03:00  INFO 22688 --- [restartedMain] o.apache.catalina.core.StandardService   : Starting service [Tomcat]
2023-11-23T10:30:19.603-03:00  INFO 22688 --- [restartedMain] o.apache.catalina.core.StandardEngine    : Starting Servlet engine: [Apache Tomcat/10.1.15]
2023-11-23T10:30:19.751-03:00  INFO 22688 --- [restartedMain] o.a.c.c.C.[Tomcat].[localhost].[/]       : Initializing Spring embedded WebApplicationContext
2023-11-23T10:30:19.752-03:00  INFO 22688 --- [restartedMain] w.s.c.ServletWebServerApplicationContext : Root WebApplicationContext: initialization completed in 3337 ms
2023-11-23T10:30:19.827-03:00  INFO 22688 --- [restartedMain] com.zaxxer.hikari.HikariDataSource       : HikariPool-1 - Starting...
2023-11-23T10:30:20.178-03:00  INFO 22688 --- [restartedMain] com.zaxxer.hikari.pool.HikariPool        : HikariPool-1 - Added connection conn0: url=jdbc:h2:mem:testdb user=SA
2023-11-23T10:30:20.181-03:00  INFO 22688 --- [restartedMain] com.zaxxer.hikari.HikariDataSource       : HikariPool-1 - Start completed.
2023-11-23T10:30:20.206-03:00  INFO 22688 --- [restartedMain] o.s.b.a.h2.H2ConsoleAutoConfiguration    : H2 console available at '/h2-console'. Database available at 'jdbc:h2:mem:testdb'
2023-11-23T10:30:20.573-03:00  INFO 22688 --- [restartedMain] o.hibernate.jpa.internal.util.LogHelper  : HHH000204: Processing PersistenceUnitInfo [name: default]
2023-11-23T10:30:20.710-03:00  INFO 22688 --- [restartedMain] org.hibernate.Version                    : HHH000412: Hibernate ORM core version 6.2.13.Final
2023-11-23T10:30:20.716-03:00  INFO 22688 --- [restartedMain] org.hibernate.cfg.Environment            : HHH000406: Using bytecode reflection optimizer
2023-11-23T10:30:21.286-03:00  INFO 22688 --- [restartedMain] o.s.o.j.p.SpringPersistenceUnitInfo      : No LoadTimeWeaver setup: ignoring JPA class transformer
2023-11-23T10:30:22.494-03:00  INFO 22688 --- [restartedMain] o.h.e.t.j.p.i.JtaPlatformInitiator       : HHH000489: No JTA platform available (set 'hibernate.transaction.jta.platform' to enable JTA platform integration)
2023-11-23T10:30:22.568-03:00  INFO 22688 --- [restartedMain] j.LocalContainerEntityManagerFactoryBean : Initialized JPA EntityManagerFactory for persistence unit 'default'
2023-11-23T10:30:23.060-03:00  WARN 22688 --- [restartedMain] JpaBaseConfiguration$JpaWebConfiguration : spring.jpa.open-in-view is enabled by default. Therefore, database queries may be performed during view rendering. Explicitly configure spring.jpa.open-in-view to disable this warning
2023-11-23T10:30:23.756-03:00  INFO 22688 --- [restartedMain] o.s.b.d.a.OptionalLiveReloadServer       : LiveReload server is running on port 35729
2023-11-23T10:30:23.838-03:00  INFO 22688 --- [restartedMain] o.s.b.w.embedded.tomcat.TomcatWebServer  : Tomcat started on port(s): 8080 (http) with context path ''
2023-11-23T10:30:23.856-03:00  INFO 22688 --- [restartedMain] com.example.springbootdemo.Application   : Started Application in 8.379 seconds (process running for 9.878)
2023-11-23T10:41:12.215-03:00  INFO 6848 --- [restartedMain] com.example.springbootdemo.Application   : Starting Application using Java 17.0.6 with PID 6848 (C:\Users\cti23424\Downloads\java\claro-practicas\springbootdemo-mybatis\target\classes started by CTI23424 in C:\Users\cti23424\Downloads\java\claro-practicas\springbootdemo-mybatis)
2023-11-23T10:41:12.221-03:00  INFO 6848 --- [restartedMain] com.example.springbootdemo.Application   : No active profile set, falling back to 1 default profile: "default"
2023-11-23T10:41:12.366-03:00  INFO 6848 --- [restartedMain] .e.DevToolsPropertyDefaultsPostProcessor : Devtools property defaults active! Set 'spring.devtools.add-properties' to 'false' to disable
2023-11-23T10:41:12.368-03:00  INFO 6848 --- [restartedMain] .e.DevToolsPropertyDefaultsPostProcessor : For additional web related logging consider setting the 'logging.level.web' property to 'DEBUG'
2023-11-23T10:41:14.758-03:00  INFO 6848 --- [restartedMain] .s.d.r.c.RepositoryConfigurationDelegate : Bootstrapping Spring Data JPA repositories in DEFAULT mode.
2023-11-23T10:41:14.843-03:00  INFO 6848 --- [restartedMain] .s.d.r.c.RepositoryConfigurationDelegate : Finished Spring Data repository scanning in 52 ms. Found 0 JPA repository interfaces.
2023-11-23T10:41:17.663-03:00  INFO 6848 --- [restartedMain] o.s.b.w.embedded.tomcat.TomcatWebServer  : Tomcat initialized with port(s): 8080 (http)
2023-11-23T10:41:17.704-03:00  INFO 6848 --- [restartedMain] o.apache.catalina.core.StandardService   : Starting service [Tomcat]
2023-11-23T10:41:17.706-03:00  INFO 6848 --- [restartedMain] o.apache.catalina.core.StandardEngine    : Starting Servlet engine: [Apache Tomcat/10.1.15]
2023-11-23T10:41:18.115-03:00  INFO 6848 --- [restartedMain] o.a.c.c.C.[Tomcat].[localhost].[/]       : Initializing Spring embedded WebApplicationContext
2023-11-23T10:41:18.118-03:00  INFO 6848 --- [restartedMain] w.s.c.ServletWebServerApplicationContext : Root WebApplicationContext: initialization completed in 5749 ms
2023-11-23T10:41:18.201-03:00  INFO 6848 --- [restartedMain] com.zaxxer.hikari.HikariDataSource       : HikariPool-1 - Starting...
2023-11-23T10:41:19.026-03:00  INFO 6848 --- [restartedMain] com.zaxxer.hikari.pool.HikariPool        : HikariPool-1 - Added connection conn0: url=jdbc:h2:mem:testdb user=SA
2023-11-23T10:41:19.031-03:00  INFO 6848 --- [restartedMain] com.zaxxer.hikari.HikariDataSource       : HikariPool-1 - Start completed.
2023-11-23T10:41:19.080-03:00  INFO 6848 --- [restartedMain] o.s.b.a.h2.H2ConsoleAutoConfiguration    : H2 console available at '/h2-console'. Database available at 'jdbc:h2:mem:testdb'
2023-11-23T10:41:20.299-03:00  INFO 6848 --- [restartedMain] o.hibernate.jpa.internal.util.LogHelper  : HHH000204: Processing PersistenceUnitInfo [name: default]
2023-11-23T10:41:20.543-03:00  INFO 6848 --- [restartedMain] org.hibernate.Version                    : HHH000412: Hibernate ORM core version 6.2.13.Final
2023-11-23T10:41:20.548-03:00  INFO 6848 --- [restartedMain] org.hibernate.cfg.Environment            : HHH000406: Using bytecode reflection optimizer
2023-11-23T10:41:21.600-03:00  INFO 6848 --- [restartedMain] o.s.o.j.p.SpringPersistenceUnitInfo      : No LoadTimeWeaver setup: ignoring JPA class transformer
2023-11-23T10:41:23.544-03:00  INFO 6848 --- [restartedMain] o.h.e.t.j.p.i.JtaPlatformInitiator       : HHH000489: No JTA platform available (set 'hibernate.transaction.jta.platform' to enable JTA platform integration)
2023-11-23T10:41:23.901-03:00  INFO 6848 --- [restartedMain] j.LocalContainerEntityManagerFactoryBean : Initialized JPA EntityManagerFactory for persistence unit 'default'
2023-11-23T10:41:25.588-03:00  WARN 6848 --- [restartedMain] JpaBaseConfiguration$JpaWebConfiguration : spring.jpa.open-in-view is enabled by default. Therefore, database queries may be performed during view rendering. Explicitly configure spring.jpa.open-in-view to disable this warning
2023-11-23T10:41:28.718-03:00  INFO 6848 --- [restartedMain] o.s.b.d.a.OptionalLiveReloadServer       : LiveReload server is running on port 35729
2023-11-23T10:41:29.040-03:00  INFO 6848 --- [restartedMain] o.s.b.w.embedded.tomcat.TomcatWebServer  : Tomcat started on port(s): 8080 (http) with context path ''
2023-11-23T10:41:29.078-03:00  INFO 6848 --- [restartedMain] com.example.springbootdemo.Application   : Started Application in 17.595 seconds (process running for 19.568)
2023-11-23T10:41:44.522-03:00  INFO 6848 --- [http-nio-8080-exec-2] o.a.c.c.C.[Tomcat].[localhost].[/]       : Initializing Spring DispatcherServlet 'dispatcherServlet'
2023-11-23T10:41:44.529-03:00  INFO 6848 --- [http-nio-8080-exec-2] o.s.web.servlet.DispatcherServlet        : Initializing Servlet 'dispatcherServlet'
2023-11-23T10:41:44.532-03:00  INFO 6848 --- [http-nio-8080-exec-2] o.s.web.servlet.DispatcherServlet        : Completed initialization in 2 ms
2023-11-23T10:43:13.863-03:00 DEBUG 6848 --- [http-nio-8080-exec-2] c.e.s.commons.aop.LogAspect              : Iniciando com.example.springbootdemo.service.CellularService.findAll, Parametros: []
2023-11-23T10:44:12.837-03:00 DEBUG 6848 --- [http-nio-8080-exec-2] c.e.s.commons.aop.LogAspect              : Finalizando com.example.springbootdemo.service.CellularService.findAll, Respuesta: [], Tiempo: 63205 ms.
2023-11-23T10:44:37.422-03:00  INFO 6848 --- [File Watcher] rtingClassPathChangeChangedEventListener : Restarting due to 1 class path change (0 additions, 0 deletions, 1 modification)
2023-11-23T10:44:37.564-03:00  INFO 6848 --- [Thread-6] o.apache.catalina.core.StandardService   : Stopping service [Tomcat]
2023-11-23T10:44:37.578-03:00  INFO 6848 --- [Thread-6] o.a.c.c.C.[Tomcat].[localhost].[/]       : Destroying Spring FrameworkServlet 'dispatcherServlet'
2023-11-23T10:44:37.603-03:00  INFO 6848 --- [Thread-6] j.LocalContainerEntityManagerFactoryBean : Closing JPA EntityManagerFactory for persistence unit 'default'
2023-11-23T10:44:37.856-03:00  WARN 6848 --- [Thread-6] o.s.b.f.support.DisposableBeanAdapter    : Invocation of destroy method failed on bean with name 'inMemoryDatabaseShutdownExecutor': org.h2.jdbc.JdbcSQLNonTransientConnectionException: La base de datos ya esta cerrada (para des-habilitar el cerrado automatico durante el shutdown de la VM, agregue ";DB_CLOSE_ON_EXIT=FALSE" a la URL de conexión)
Database is already closed (to disable automatic closing at VM shutdown, add ";DB_CLOSE_ON_EXIT=FALSE" to the db URL) [90121-214]
2023-11-23T10:44:37.869-03:00  INFO 6848 --- [Thread-6] com.zaxxer.hikari.HikariDataSource       : HikariPool-1 - Shutdown initiated...
2023-11-23T10:44:37.906-03:00  INFO 6848 --- [Thread-6] com.zaxxer.hikari.HikariDataSource       : HikariPool-1 - Shutdown completed.
2023-11-23T10:44:38.270-03:00  INFO 6848 --- [restartedMain] com.example.springbootdemo.Application   : Starting Application using Java 17.0.6 with PID 6848 (C:\Users\cti23424\Downloads\java\claro-practicas\springbootdemo-mybatis\target\classes started by CTI23424 in C:\Users\cti23424\Downloads\java\claro-practicas\springbootdemo-mybatis)
2023-11-23T10:44:38.272-03:00  INFO 6848 --- [restartedMain] com.example.springbootdemo.Application   : No active profile set, falling back to 1 default profile: "default"
2023-11-23T10:44:39.673-03:00  INFO 6848 --- [restartedMain] .s.d.r.c.RepositoryConfigurationDelegate : Bootstrapping Spring Data JPA repositories in DEFAULT mode.
2023-11-23T10:44:39.681-03:00  INFO 6848 --- [restartedMain] .s.d.r.c.RepositoryConfigurationDelegate : Finished Spring Data repository scanning in 6 ms. Found 0 JPA repository interfaces.
2023-11-23T10:44:40.097-03:00  INFO 6848 --- [restartedMain] o.s.b.w.embedded.tomcat.TomcatWebServer  : Tomcat initialized with port(s): 8080 (http)
2023-11-23T10:44:40.099-03:00  INFO 6848 --- [restartedMain] o.apache.catalina.core.StandardService   : Starting service [Tomcat]
2023-11-23T10:44:40.100-03:00  INFO 6848 --- [restartedMain] o.apache.catalina.core.StandardEngine    : Starting Servlet engine: [Apache Tomcat/10.1.15]
2023-11-23T10:44:40.165-03:00  INFO 6848 --- [restartedMain] o.a.c.c.C.[Tomcat].[localhost].[/]       : Initializing Spring embedded WebApplicationContext
2023-11-23T10:44:40.177-03:00  INFO 6848 --- [restartedMain] w.s.c.ServletWebServerApplicationContext : Root WebApplicationContext: initialization completed in 1898 ms
